			 Translator Log
			09/06/22@16:46:24

Input File Name:  C:\Users\muhammadshoaib\Documents\Github\MinFDM\D6500\Mechanical\All Cutting Files.dft
Output File Name: C
Running 64bit Solid Edge

Configuration File Dump
====================================================================
[Options]
Dlls=GCACAD.DLL
Enable Logging=1
Import Acis Bodies=1
Use Template file units=1
Read Default Units=64
Template File=
Write Version=21
Seed File=
Read Default Width=0.350000
Process PaperSpace = 1
Export All Graphics to PaperSpace = 0
Application Text Type = 0
Part Layers =1
Break Dimensions = 0
Stroke Dimension =0
Write Decimal Places = 10
Maximum Number Layer Name Chars = 16 
Translate Background =1
Background On File Open = 0
Map Colors = 1
Export Drawing View To Block=1
Import Data To Draft View=0
Read Polyline Width=0
Export Annotation Color = 7
Import Multiline Text As Multiline Text = 1
Modify Block Origins on import = 1
Export Single Line Text Without Block=0
Export Multiline Text As Multiline Text = 1
Break BSplines At Duplicate Control Points On Import = 1
Export Drawing view border layer=DV
Export Drawing view border display=0
Export Mechanical Symbols using AutoCAD font=0
Import 2D data=1
Import 2D Target Environment=Draft
Import Sketch Plane=XY
Import Part Template file=
Import Assembly Template file=
Import ACIS bodies to Part=1
Export Callouts as MultiLeader=1
Import Tolerance Text height = 0.0
Export To Paper Space=0
Model Space Export Options=0
Model Space Export Mode=0
Export Model Space Scale=1.000000
Stroke Hatch=0
Width To Color Mapping=1
Export Layer Mapping=0
Export Lineweight=1
Export Dimension Picture Block=1
[Read Default View]
; Type                                         : "Standard", "Active", "Orthographic", "Transformation Matrix"
; Name (Type = Standard)                       : "Top", "Bottom", "Front", "Back", "Right", "Left", "NW Isometric", "NE Isometric", "SW Isometric", "SE Isometric"
; Active view (Type = Active)                  : none 
; Transformation (Type = Transformation Matrix): any 4x4 column major transformation matrix
; Reference Point (Type = "Orthographic")      : Point on Viewing Plane
; Normal (Type = "Orthographic")               : completes the definition of the plane passing through "Reference Point"
Type = Standard
Name = Top
Transformation=1 0 0 0 0 1 0 0 0 0 1 0 0 0 0 1 
Reference Point = 0.0 0.0 0.0
Normal = 1.0 0.0 0.0
Projection Vector = 1.0 1.0 1.0

[Write Default View]
; Type                                         : "Standard", "Active", "Orthographic", "Transformation Matrix"
; Name (Type = Standard)                       : "Top", "Bottom", "Front", "Back", "Right", "Left", "NW Isometric", "NE Isometric", "SW Isometric", "SE Isometric"
; Active view (Type = Active)                  : none 
; Transformation (Type = Transformation Matrix): any 4x4 column major transformation matrix
; Reference Point (Type = "Orthographic")      : Point on Viewing Plane
; Normal (Type = "Orthographic")               : completes the definition of the plane passing through "Reference Point"
Type = Transformation Matrix
Transformation=1 0 0 0 0 1 0 0 0 0 1 0 0 0 0 1 
Reference Point = 0.0 1.0 0.0
Normal = 0.0 0.0 1.0

[Option Forms]
Dll = ACADWIZ.DLL
Import Entry Point = DisplayAutoCADImportForm
Export Entry Point = DisplayAutoCADExportForm

[Read Linestyles]
CONTINUOUS=9
DASHED=10
DASHED2=10
DASHEDX2=10
DASHEDX10=10
DOT=11
DOT2=11
DOTX2=11
DOTX10=11
DASHDOT=12
DASHDOT2=12
DASHDOTX2=12
DASHDOTX10=12
DIVIDE=13
DIVIDE2=13
DIVIDEX2=13
DIVIDEX10=13
BORDER=21
BORDER2=12
BORDERX2=21
HIDDEN=10
HIDDEN2=10
HIDDENX2=10
CENTER=18
CENTER2=18
CENTERX2=18
PHANTOM=20
PHANTOM2=20
PHANTOMX2=20

; The Following map is used to define the line type to create. The line type defines the dash 
; sequences. The following line types can be defined. DO NOT CHANGE THE NAMES! Use only the 
; names listed below. The string names for each of the following types are defined in the
; "Write Linestyle Names" section of this .ini file.
; CONTINUOUS, DASHED, DASHED2, DASHEDX2, DASHEDX10, DOT, DOT2, DOTX2, DOTX10, DASHDOT, DASHDOT2, 
; DASHDOTX2, DASHDOTX10, DIVIDE, DIVIDE2, DIVIDEX2, DIVIDEX10, BORDER, BORDER2, BORDERX2, CENTER,
; CENTER2, CENTERX2, HIDDEN, HIDDEN2, HIDDENX2, PHANTOM, PHANTOM2, PHANTOMX2
[Write Linestyles]
9=CONTINUOUS
10=HIDDEN2
11=DOT2
12=DASHDOT2
13=DIVIDE2
18=CENTER2
19=CENTER
20=PHANTOM2
21=BORDER2
23=CONTINUOUS
24=CENTER2

; Use this section to define the string names for the line types. This does not define the type,
; only the string name for the type. To define the type, use the "Write Linestyles" section of 
; this .ini file.
[Write Linestyle Names]
9=CONTINUOUS
10=HIDDEN2
11=DOT2
12=DASHDOT2
13=DIVIDE2
18=CENTER2
19=CENTER
20=PHANTOM2
21=BORDER2
23=CONTINUOUS
24=CENTER2

[Read Hatchstyles]
ANGLE=Angle Steel
ANSI31=ANSI31(Iron)
ANSI32=ANSI32(Steel)
ANSI33=ANSI33(Brass)
ANSI34=ANSI34(Plastic)
ANSI35=ANSI35(Fire Brick)
ANSI36=ANSI36(Marble)
ANSI37=ANSI37(Lead)
ANSI38=ANSI38(Aluminum)
CORK=Cork
FLEX=Flexible Material
TRANS=Heat Transfer
HONEY=Honeycomb
INSUL=Insulation Material
ACAD_ISO02W100=ISO02W100
ACAD_ISO03W100=ISO03W100
ACAD_ISO04W100=ISO04W100
ACAD_ISO05W100=ISO05W100
ACAD_ISO06W100=ISO06W100
ACAD_ISO07W100=ISO07W100
ACAD_ISO08W100=ISO08W100
ACAD_ISO09W100=ISO09W100
ACAD_ISO10W100=ISO10W100
ACAD_ISO11W100=ISO11W100
ACAD_ISO12W100=ISO12W100
ACAD_ISO13W100=ISO13W100
ACAD_ISO14W100=ISO14W100
ACAD_ISO15W100=ISO15W100
LINE=Normal
DASH=Normal Dash
NET=Normal Grid
NET3=Normal Mesh

[Write Hatchstyles]
SN05=LINE
SP01=LINE
SP03=LINE
Concrete=LINE
Wood (Radial)=LINE
Angle Steel=ANGLE
ANSI31(Iron)=ANSI31
ANSI32(Steel)=ANSI32
ANSI33(Brass)=ANSI33
ANSI34(Plastic)=ANSI34
ANSI35(Fire Brick)=ANSI35
ANSI36(Marble)=ANSI36
ANSI37(Lead)=ANSI37
ANSI38(Aluminum)=ANSI38
Cork=CORK
Flexible Material=FLEX
Heat Transfer=TRANS
Honeycomb=HONEY
Insulation Material=INSUL
ISO02W100=ACAD_ISO02W100
ISO03W100=ACAD_ISO03W100
ISO04W100=ACAD_ISO04W100
ISO05W100=ACAD_ISO05W100
ISO06W100=ACAD_ISO06W100
ISO07W100=ACAD_ISO07W100
ISO08W100=ACAD_ISO08W100
ISO09W100=ACAD_ISO09W100
ISO10W100=ACAD_ISO10W100
ISO11W100=ACAD_ISO11W100
ISO12W100=ACAD_ISO12W100
ISO13W100=ACAD_ISO13W100
ISO14W100=ACAD_ISO14W100
ISO15W100=ACAD_ISO15W100
Normal=LINE
Normal Dash=DASH
Normal Grid=NET
Normal Mesh=NET3
SM03=BRASS
SM11a=INSUL
SM11b=ANSI32

[Read Text Fonts]
txt.shx=SETxt
romans.shx=SERomans
romand.shx=SERomand
romanc.shx=SERomanc
simplex.shx=SESimplex
gdt.shx=SEGDT
amgdt.shx=SEGDT
amgdtans.shx=SEGDT
aigdt.shx=SEGDT
romant.shx=Bookman Old Style
italicc.shx=Bookman Old Style
par_____.pfb=Courier New
teb_____.pfb=Impact
monotxt.shx=SEMonotxt
cibt____.ttf=Times New Roman
seans.ttf=Solid Edge ANSI
semeca1.ttf=Solid Edge ANSI1 Symbols
semeca2.ttf=Solid Edge ANSI2 Symbols
semeca3.ttf=Solid Edge ANSI3 Symbols
seagdt.ttf=Solid Edge ANSI GDT Symbols
segost1.ttf=Solid Edge GOST1 Symbols
semeci1.ttf=Solid Edge ISO1 Symbols
semeci2.ttf=Solid Edge ISO2 Symbols
semeci3.ttf=Solid Edge ISO3 Symbols
seigdt.ttf=Solid Edge ISO GDT Symbols
seiso.ttf=Solid Edge ISO

[Write Text Fonts]
Arial=arial.ttf
Arial Narrow=arialn.ttf
Bookman Old Style=bookos.ttf
Courier New=cour.ttf
Impact=impact.ttf
Lucida Console=lucon.ttf
Times New Roman=times.ttf
Solid Edge ANSI=seans.ttf
Solid Edge ANSI1 Symbols=semeca1.ttf
Solid Edge ANSI2 Symbols=semeca2.ttf
Solid Edge ANSI3 Symbols=semeca3.ttf
Solid Edge ANSI GDT Symbols=seagdt.ttf
Solid Edge GOST1 Symbols=segost1.ttf
Solid Edge ISO1 Symbols=semeci1.ttf
Solid Edge ISO2 Symbols=semeci2.ttf
Solid Edge ISO3 Symbols=semeci3.ttf
Solid Edge ISO GDT Symbols=seigdt.ttf
Solid Edge ISO=seiso.ttf
SETxt=txt.shx
SERomans=romans.shx
SERomand=romand.shx
SERomanc=romanc.shx
SESimplex=simplex.shx
SEGDT=gdt.shx
SEMonotxt=monotxt.shx
Symbol=symbol.ttf

[Read Widths]

[Write Widths]
.13=7
.18=7
.25=7
.35=7
.5=7
.7=7
1.0=7
1.4=7
2.0=7
.3=7
.6=7

[Sheet Setup]
Background=D-Sheet
Standard Sheet Size W=0.863600
Standard Sheet Size H=0.558800
Custom Sheet Size W=0.210000
Custom Sheet Size H=0.150000
Use Standard Sheet Size=1

[Draft View]
Auto Compute Scale=1
Scale=0.040000
====================================================================

DWGdirect 4.2

Objects exported to AutoCAD
   24   : Arc 2D
   95   : Ellipse 2D
   83   : Group
   894  : Line 2D
   1    : Block Definition
