Solid Edge Translation to STEP
Date: Monday,September 12,2022 03:26PM
Output File: C:\Users\muhammadshoaib\Documents\Github\MinFDM\D6500\Mechanical\Mini 3D Printer.stp
Author: Unknown
Organization: Unknown
Source System: Solid Edge

Hardware:
Processor: Intel(R) Core(TM) i5-8400 CPU @ 2.80GHz
Operating System: Windows 8 Enterprise Edition
Installed Memory: 15.84 GB

Software Information
Parasolid Version: 30.0.297
PSBodyShop Version: 30.0.96
Step Adapter Version: 3.0.52
Solid Edge Version: 110.00.07.003 x64

STEP Export Options
Export Format: AP214
Export Construction Sheets: Off
Export Construction Solids: Off
Export Construction Wires: Off
Export Displayed Parts Only: Off
Export Units: Millimeters
Export Part Component Names As Unicode: Off

Phase 1 of 1 Translating Parasolid to foreign data types...
Translation process completed
Time required to translate:00 : 00 : 04
